<?xml version="1.0" encoding="UTF-8"?>
<!-- Generated by org.testng.reporters.JUnitReportReporter -->
<testsuite hostname="DESKTOP-J4AIRBB" failures="0" tests="1" name="org.shoppingmart.subCategory.SubCategoryToSubCategoryListTest" time="2.926" errors="0" timestamp="2022-07-15T14:44:31 IST" skipped="0">
  <testcase classname="org.shoppingmart.subCategory.SubCategoryToSubCategoryListTest" name="subCategoryToSubCategoryListTest" time="2.926"/>
  <system-out/>
</testsuite> <!-- org.shoppingmart.subCategory.SubCategoryToSubCategoryListTest -->
