<?xml version="1.0" encoding="UTF-8"?>
<!-- Generated by org.testng.reporters.JUnitReportReporter -->
<testsuite hostname="DESKTOP-J4AIRBB" failures="0" tests="1" name="org.shoppingmart.createcategory.CreateCategoryToInsertProduct" time="4.832" errors="0" timestamp="2022-07-15T13:20:56 IST" skipped="0">
  <testcase classname="org.shoppingmart.createcategory.CreateCategoryToInsertProduct" name="createCategoryToInsertProduct" time="4.832"/>
  <system-out/>
</testsuite> <!-- org.shoppingmart.createcategory.CreateCategoryToInsertProduct -->
