<?xml version="1.0" encoding="UTF-8"?>
<!-- Generated by org.testng.reporters.JUnitReportReporter -->
<testsuite hostname="DESKTOP-J4AIRBB" failures="0" tests="1" name="org.shoppingmart.createcategory.CreateCategoryToManageProduct" time="5.046" errors="0" timestamp="2022-07-15T14:42:16 IST" skipped="0">
  <testcase classname="org.shoppingmart.createcategory.CreateCategoryToManageProduct" name="createCategoryToManageProduct" time="5.046"/>
  <system-out/>
</testsuite> <!-- org.shoppingmart.createcategory.CreateCategoryToManageProduct -->
