<?xml version="1.0" encoding="UTF-8"?>
<!-- Generated by org.testng.reporters.JUnitReportReporter -->
<testsuite hostname="DESKTOP-J4AIRBB" failures="0" tests="1" name="org.shoppingmart.systemTesting.CreateCategoryToUserModuleTest" time="9.697" errors="0" timestamp="2022-07-18T10:36:36 IST" skipped="0">
  <testcase classname="org.shoppingmart.systemTesting.CreateCategoryToUserModuleTest" name="createCategoryToUserModuleTest" time="9.697"/>
  <system-out/>
</testsuite> <!-- org.shoppingmart.systemTesting.CreateCategoryToUserModuleTest -->
