<?xml version="1.0" encoding="UTF-8"?>
<!-- Generated by org.testng.reporters.JUnitReportReporter -->
<testsuite hostname="DESKTOP-J4AIRBB" failures="0" tests="1" name="org.shoppingmart.subCategory.SubCategoryToManageProductTest" time="4.809" errors="0" timestamp="2022-07-15T14:41:42 IST" skipped="0">
  <testcase classname="org.shoppingmart.subCategory.SubCategoryToManageProductTest" name="subCategoryToManageProductTest" time="4.809"/>
  <system-out/>
</testsuite> <!-- org.shoppingmart.subCategory.SubCategoryToManageProductTest -->
